<?xml version="1.0" encoding="UTF-8"?>
<!-- Generated by org.testng.reporters.JUnitReportReporter -->
<testsuite skipped="0" hostname="BDC4-L-J4NLTF2" name="com.democart.Tests.CreateOrder" tests="2" failures="0" timestamp="18 Sep 2017 15:17:15 GMT" time="91.236" errors="0">
  <testcase name="testOrderWithRegisteredUser" time="56.270" classname="com.democart.Tests.CreateOrder"/>
  <testcase name="testOrderWithNewUser" time="34.966" classname="com.democart.Tests.CreateOrder"/>
</testsuite> <!-- com.democart.Tests.CreateOrder -->
