<?xml version="1.0" encoding="UTF-8"?>
<!-- Generated by org.testng.reporters.JUnitReportReporter -->
<testsuite skipped="0" hostname="BDC4-L-J4NLTF2" name="com.democart.WebElementRepository.HomePage" tests="1" failures="0" timestamp="01 Sep 2017 11:02:50 GMT" time="0.297" errors="0">
  <testcase name="testPageTitle" time="0.297" classname="com.democart.WebElementRepository.HomePage"/>
</testsuite> <!-- com.democart.WebElementRepository.HomePage -->
