<?xml version="1.0" encoding="UTF-8"?>
<!-- Generated by org.testng.reporters.JUnitReportReporter -->
<testsuite skipped="0" hostname="BDC4-L-J4NLTF2" name="Way2AutomationExecution.Test123" tests="3" failures="0" timestamp="25 Aug 2017 04:02:12 GMT" time="0.014" errors="0">
  <testcase name="okDone" time="0.006" classname="Way2AutomationExecution.Test123"/>
  <testcase name="notDone" time="0.005" classname="Way2AutomationExecution.Test123"/>
  <testcase name="ok2" time="0.003" classname="Way2AutomationExecution.Test123"/>
</testsuite> <!-- Way2AutomationExecution.Test123 -->
