<?xml version="1.0" encoding="UTF-8"?>
<!-- Generated by org.testng.reporters.JUnitReportReporter -->
<testsuite skipped="0" hostname="BDC4-L-J4NLTF2" name="com.democart.Tests.CreateOrder" tests="5" failures="0" timestamp="06 Sep 2017 14:38:59 GMT" time="51.339" errors="0">
  <testcase name="login" time="5.404" classname="com.democart.Tests.CreateOrder"/>
  <testcase name="searchItem" time="5.823" classname="com.democart.Tests.CreateOrder"/>
  <testcase name="addToCart" time="9.250" classname="com.democart.Tests.CreateOrder"/>
  <testcase name="CheckOut" time="19.835" classname="com.democart.Tests.CreateOrder"/>
  <testcase name="getOrderDetails" time="11.027" classname="com.democart.Tests.CreateOrder"/>
</testsuite> <!-- com.democart.Tests.CreateOrder -->
